2023-08-11 10:58:42.780  INFO 1248 --- [restartedMain] c.a.e.EcommeerceApplication              : Starting EcommeerceApplication using Java 17.0.4.1 on manu with PID 1248 (C:\Users\user\Documents\workspace-spring-tool-suite-4-4.16.1.RELEASE\Ecommerce-Application-UseCase-main\Ecommerce-Application-UseCase-main\target\classes started by user in C:\Users\user\Documents\workspace-spring-tool-suite-4-4.16.1.RELEASE\Ecommerce-Application-UseCase-main\Ecommerce-Application-UseCase-main)
2023-08-11 10:58:42.786  INFO 1248 --- [restartedMain] c.a.e.EcommeerceApplication              : No active profile set, falling back to 1 default profile: "default"
2023-08-11 10:58:42.834  INFO 1248 --- [restartedMain] .e.DevToolsPropertyDefaultsPostProcessor : Devtools property defaults active! Set 'spring.devtools.add-properties' to 'false' to disable
2023-08-11 10:58:42.835  INFO 1248 --- [restartedMain] .e.DevToolsPropertyDefaultsPostProcessor : For additional web related logging consider setting the 'logging.level.web' property to 'DEBUG'
2023-08-11 10:58:43.550  INFO 1248 --- [restartedMain] .s.d.r.c.RepositoryConfigurationDelegate : Bootstrapping Spring Data JPA repositories in DEFAULT mode.
2023-08-11 10:58:43.613  INFO 1248 --- [restartedMain] .s.d.r.c.RepositoryConfigurationDelegate : Finished Spring Data repository scanning in 54 ms. Found 6 JPA repository interfaces.
2023-08-11 10:58:44.118  INFO 1248 --- [restartedMain] o.s.b.w.embedded.tomcat.TomcatWebServer  : Tomcat initialized with port(s): 8080 (http)
2023-08-11 10:58:44.127  INFO 1248 --- [restartedMain] o.apache.catalina.core.StandardService   : Starting service [Tomcat]
2023-08-11 10:58:44.127  INFO 1248 --- [restartedMain] org.apache.catalina.core.StandardEngine  : Starting Servlet engine: [Apache Tomcat/9.0.71]
2023-08-11 10:58:44.194  INFO 1248 --- [restartedMain] o.a.c.c.C.[Tomcat].[localhost].[/]       : Initializing Spring embedded WebApplicationContext
2023-08-11 10:58:44.194  INFO 1248 --- [restartedMain] w.s.c.ServletWebServerApplicationContext : Root WebApplicationContext: initialization completed in 1358 ms
2023-08-11 10:58:44.320  INFO 1248 --- [restartedMain] o.hibernate.jpa.internal.util.LogHelper  : HHH000204: Processing PersistenceUnitInfo [name: default]
2023-08-11 10:58:44.370  INFO 1248 --- [restartedMain] org.hibernate.Version                    : HHH000412: Hibernate ORM core version 5.6.15.Final
2023-08-11 10:58:44.507  INFO 1248 --- [restartedMain] o.hibernate.annotations.common.Version   : HCANN000001: Hibernate Commons Annotations {5.1.2.Final}
2023-08-11 10:58:44.593  INFO 1248 --- [restartedMain] com.zaxxer.hikari.HikariDataSource       : HikariPool-1 - Starting...
2023-08-11 10:58:44.871  INFO 1248 --- [restartedMain] com.zaxxer.hikari.HikariDataSource       : HikariPool-1 - Start completed.
2023-08-11 10:58:44.898  INFO 1248 --- [restartedMain] org.hibernate.dialect.Dialect            : HHH000400: Using dialect: org.hibernate.dialect.MySQL8Dialect
2023-08-11 10:58:45.589  INFO 1248 --- [restartedMain] o.h.e.t.j.p.i.JtaPlatformInitiator       : HHH000490: Using JtaPlatform implementation: [org.hibernate.engine.transaction.jta.platform.internal.NoJtaPlatform]
2023-08-11 10:58:45.597  INFO 1248 --- [restartedMain] j.LocalContainerEntityManagerFactoryBean : Initialized JPA EntityManagerFactory for persistence unit 'default'
2023-08-11 10:58:46.076  WARN 1248 --- [restartedMain] JpaBaseConfiguration$JpaWebConfiguration : spring.jpa.open-in-view is enabled by default. Therefore, database queries may be performed during view rendering. Explicitly configure spring.jpa.open-in-view to disable this warning
2023-08-11 10:58:46.654  INFO 1248 --- [restartedMain] o.s.b.d.a.OptionalLiveReloadServer       : LiveReload server is running on port 35729
2023-08-11 10:58:46.693  INFO 1248 --- [restartedMain] o.s.b.w.embedded.tomcat.TomcatWebServer  : Tomcat started on port(s): 8080 (http) with context path ''
2023-08-11 10:58:46.703  INFO 1248 --- [restartedMain] c.a.e.EcommeerceApplication              : Started EcommeerceApplication in 4.285 seconds (JVM running for 4.965)
2023-08-11 10:58:55.130  INFO 1248 --- [http-nio-8080-exec-1] o.a.c.c.C.[Tomcat].[localhost].[/]       : Initializing Spring DispatcherServlet 'dispatcherServlet'
2023-08-11 10:58:55.130  INFO 1248 --- [http-nio-8080-exec-1] o.s.web.servlet.DispatcherServlet        : Initializing Servlet 'dispatcherServlet'
2023-08-11 10:58:55.131  INFO 1248 --- [http-nio-8080-exec-1] o.s.web.servlet.DispatcherServlet        : Completed initialization in 0 ms
2023-08-11 10:59:03.469  WARN 1248 --- [http-nio-8080-exec-3] .m.m.a.ExceptionHandlerExceptionResolver : Resolved [org.springframework.web.bind.MissingServletRequestParameterException: Required request parameter 'productName' for method parameter type String is not present]
2023-08-11 10:59:05.976  WARN 1248 --- [http-nio-8080-exec-7] .m.m.a.ExceptionHandlerExceptionResolver : Resolved [org.springframework.web.bind.MissingServletRequestParameterException: Required request parameter 'productName' for method parameter type String is not present]
2023-08-11 10:59:07.553  WARN 1248 --- [http-nio-8080-exec-6] .m.m.a.ExceptionHandlerExceptionResolver : Resolved [org.springframework.web.bind.MissingServletRequestParameterException: Required request parameter 'productName' for method parameter type String is not present]
2023-08-11 10:59:08.221  WARN 1248 --- [http-nio-8080-exec-8] .m.m.a.ExceptionHandlerExceptionResolver : Resolved [org.springframework.web.bind.MissingServletRequestParameterException: Required request parameter 'productName' for method parameter type String is not present]
2023-08-11 10:59:08.371  WARN 1248 --- [http-nio-8080-exec-10] .m.m.a.ExceptionHandlerExceptionResolver : Resolved [org.springframework.web.bind.MissingServletRequestParameterException: Required request parameter 'productName' for method parameter type String is not present]
2023-08-11 10:59:08.563  WARN 1248 --- [http-nio-8080-exec-1] .m.m.a.ExceptionHandlerExceptionResolver : Resolved [org.springframework.web.bind.MissingServletRequestParameterException: Required request parameter 'productName' for method parameter type String is not present]
2023-08-11 10:59:08.669  WARN 1248 --- [http-nio-8080-exec-4] .m.m.a.ExceptionHandlerExceptionResolver : Resolved [org.springframework.web.bind.MissingServletRequestParameterException: Required request parameter 'productName' for method parameter type String is not present]
2023-08-11 10:59:08.921  WARN 1248 --- [http-nio-8080-exec-5] .m.m.a.ExceptionHandlerExceptionResolver : Resolved [org.springframework.web.bind.MissingServletRequestParameterException: Required request parameter 'productName' for method parameter type String is not present]
2023-08-11 11:00:06.381  WARN 1248 --- [http-nio-8080-exec-3] .m.m.a.ExceptionHandlerExceptionResolver : Resolved [org.springframework.web.bind.MissingServletRequestParameterException: Required request parameter 'productName' for method parameter type String is not present]
2023-08-11 11:00:08.091  WARN 1248 --- [http-nio-8080-exec-7] .m.m.a.ExceptionHandlerExceptionResolver : Resolved [org.springframework.web.bind.MissingServletRequestParameterException: Required request parameter 'productName' for method parameter type String is not present]
2023-08-11 11:00:09.044  WARN 1248 --- [http-nio-8080-exec-9] .m.m.a.ExceptionHandlerExceptionResolver : Resolved [org.springframework.web.bind.MissingServletRequestParameterException: Required request parameter 'productName' for method parameter type String is not present]
2023-08-11 11:00:09.325  WARN 1248 --- [http-nio-8080-exec-8] .m.m.a.ExceptionHandlerExceptionResolver : Resolved [org.springframework.web.bind.MissingServletRequestParameterException: Required request parameter 'productName' for method parameter type String is not present]
2023-08-11 11:00:09.617  WARN 1248 --- [http-nio-8080-exec-10] .m.m.a.ExceptionHandlerExceptionResolver : Resolved [org.springframework.web.bind.MissingServletRequestParameterException: Required request parameter 'productName' for method parameter type String is not present]
2023-08-11 11:00:09.928  WARN 1248 --- [http-nio-8080-exec-1] .m.m.a.ExceptionHandlerExceptionResolver : Resolved [org.springframework.web.bind.MissingServletRequestParameterException: Required request parameter 'productName' for method parameter type String is not present]
2023-08-11 11:00:10.248  WARN 1248 --- [http-nio-8080-exec-4] .m.m.a.ExceptionHandlerExceptionResolver : Resolved [org.springframework.web.bind.MissingServletRequestParameterException: Required request parameter 'productName' for method parameter type String is not present]
2023-08-11 11:00:10.564  WARN 1248 --- [http-nio-8080-exec-5] .m.m.a.ExceptionHandlerExceptionResolver : Resolved [org.springframework.web.bind.MissingServletRequestParameterException: Required request parameter 'productName' for method parameter type String is not present]
2023-08-11 11:00:10.896  WARN 1248 --- [http-nio-8080-exec-2] .m.m.a.ExceptionHandlerExceptionResolver : Resolved [org.springframework.web.bind.MissingServletRequestParameterException: Required request parameter 'productName' for method parameter type String is not present]
2023-08-11 11:00:11.224  WARN 1248 --- [http-nio-8080-exec-3] .m.m.a.ExceptionHandlerExceptionResolver : Resolved [org.springframework.web.bind.MissingServletRequestParameterException: Required request parameter 'productName' for method parameter type String is not present]
2023-08-11 11:00:11.540  WARN 1248 --- [http-nio-8080-exec-7] .m.m.a.ExceptionHandlerExceptionResolver : Resolved [org.springframework.web.bind.MissingServletRequestParameterException: Required request parameter 'productName' for method parameter type String is not present]
2023-08-11 11:00:11.876  WARN 1248 --- [http-nio-8080-exec-6] .m.m.a.ExceptionHandlerExceptionResolver : Resolved [org.springframework.web.bind.MissingServletRequestParameterException: Required request parameter 'productName' for method parameter type String is not present]
2023-08-11 11:00:12.288  WARN 1248 --- [http-nio-8080-exec-9] .m.m.a.ExceptionHandlerExceptionResolver : Resolved [org.springframework.web.bind.MissingServletRequestParameterException: Required request parameter 'productName' for method parameter type String is not present]
2023-08-11 11:04:39.977  WARN 1248 --- [http-nio-8080-exec-10] .m.m.a.ExceptionHandlerExceptionResolver : Resolved [org.springframework.web.bind.MissingServletRequestParameterException: Required request parameter 'productName' for method parameter type String is not present]
2023-08-11 11:04:43.481  WARN 1248 --- [http-nio-8080-exec-1] .m.m.a.ExceptionHandlerExceptionResolver : Resolved [org.springframework.web.bind.MissingServletRequestParameterException: Required request parameter 'productName' for method parameter type String is not present]
2023-08-11 11:08:17.940  WARN 1248 --- [http-nio-8080-exec-5] .m.m.a.ExceptionHandlerExceptionResolver : Resolved [org.springframework.web.bind.MissingServletRequestParameterException: Required request parameter 'productName' for method parameter type String is not present]
2023-08-11 11:11:02.038  WARN 1248 --- [http-nio-8080-exec-3] .m.m.a.ExceptionHandlerExceptionResolver : Resolved [org.springframework.web.bind.MissingServletRequestParameterException: Required request parameter 'productName' for method parameter type String is not present]
2023-08-11 11:11:04.253  WARN 1248 --- [http-nio-8080-exec-7] .m.m.a.ExceptionHandlerExceptionResolver : Resolved [org.springframework.web.bind.MissingServletRequestParameterException: Required request parameter 'productName' for method parameter type String is not present]
2023-08-11 11:14:08.458  INFO 1248 --- [RMI TCP Connection(17)-127.0.0.1] inMXBeanRegistrar$SpringApplicationAdmin : Application shutdown requested.
2023-08-11 11:14:08.466  INFO 1248 --- [RMI TCP Connection(17)-127.0.0.1] o.apache.catalina.core.StandardService   : Stopping service [Tomcat]
2023-08-11 11:14:08.480  INFO 1248 --- [RMI TCP Connection(17)-127.0.0.1] o.a.c.c.C.[Tomcat].[localhost].[/]       : Destroying Spring FrameworkServlet 'dispatcherServlet'
2023-08-11 11:14:08.488  INFO 1248 --- [RMI TCP Connection(17)-127.0.0.1] j.LocalContainerEntityManagerFactoryBean : Closing JPA EntityManagerFactory for persistence unit 'default'
2023-08-11 11:14:08.490  INFO 1248 --- [RMI TCP Connection(17)-127.0.0.1] com.zaxxer.hikari.HikariDataSource       : HikariPool-1 - Shutdown initiated...
2023-08-11 11:14:08.496  INFO 1248 --- [RMI TCP Connection(17)-127.0.0.1] com.zaxxer.hikari.HikariDataSource       : HikariPool-1 - Shutdown completed.
